0 info it worked if it ends with ok
1 verbose cli [ '/Users/jackthetron/.nvm/versions/node/v7.5.0/bin/node',
1 verbose cli   '/Users/jackthetron/.nvm/versions/node/v7.5.0/bin/npm',
1 verbose cli   'run',
1 verbose cli   'dev' ]
2 info using npm@4.1.2
3 info using node@v7.5.0
4 verbose run-script [ 'predev', 'dev', 'postdev' ]
5 info lifecycle mabelm@0.0.1~predev: mabelm@0.0.1
6 silly lifecycle mabelm@0.0.1~predev: no script for predev, continuing
7 info lifecycle mabelm@0.0.1~dev: mabelm@0.0.1
8 verbose lifecycle mabelm@0.0.1~dev: unsafe-perm in lifecycle true
9 verbose lifecycle mabelm@0.0.1~dev: PATH: /Users/jackthetron/.nvm/versions/node/v7.5.0/lib/node_modules/npm/bin/node-gyp-bin:/Users/jackthetron/Desktop/gameProject/shrubFront/node_modules/.bin:/Users/jackthetron/.nvm/versions/node/v7.5.0/bin:/Library/Frameworks/Python.framework/Versions/3.5/bin:/usr/local/bin:/usr/bin:/bin:/usr/sbin:/sbin
10 verbose lifecycle mabelm@0.0.1~dev: CWD: /Users/jackthetron/Desktop/gameProject/shrubFront
11 silly lifecycle mabelm@0.0.1~dev: Args: [ '-c', 'gulp' ]
12 silly lifecycle mabelm@0.0.1~dev: Returned: code: 1  signal: null
13 info lifecycle mabelm@0.0.1~dev: Failed to exec dev script
14 verbose stack Error: mabelm@0.0.1 dev: `gulp`
14 verbose stack Exit status 1
14 verbose stack     at EventEmitter.<anonymous> (/Users/jackthetron/.nvm/versions/node/v7.5.0/lib/node_modules/npm/lib/utils/lifecycle.js:279:16)
14 verbose stack     at emitTwo (events.js:106:13)
14 verbose stack     at EventEmitter.emit (events.js:192:7)
14 verbose stack     at ChildProcess.<anonymous> (/Users/jackthetron/.nvm/versions/node/v7.5.0/lib/node_modules/npm/lib/utils/spawn.js:40:14)
14 verbose stack     at emitTwo (events.js:106:13)
14 verbose stack     at ChildProcess.emit (events.js:192:7)
14 verbose stack     at maybeClose (internal/child_process.js:890:16)
14 verbose stack     at Process.ChildProcess._handle.onexit (internal/child_process.js:226:5)
15 verbose pkgid mabelm@0.0.1
16 verbose cwd /Users/jackthetron/Desktop/gameProject/shrubFront
17 error Darwin 15.6.0
18 error argv "/Users/jackthetron/.nvm/versions/node/v7.5.0/bin/node" "/Users/jackthetron/.nvm/versions/node/v7.5.0/bin/npm" "run" "dev"
19 error node v7.5.0
20 error npm  v4.1.2
21 error code ELIFECYCLE
22 error mabelm@0.0.1 dev: `gulp`
22 error Exit status 1
23 error Failed at the mabelm@0.0.1 dev script 'gulp'.
23 error Make sure you have the latest version of node.js and npm installed.
23 error If you do, this is most likely a problem with the mabelm package,
23 error not with npm itself.
23 error Tell the author that this fails on your system:
23 error     gulp
23 error You can get information on how to open an issue for this project with:
23 error     npm bugs mabelm
23 error Or if that isn't available, you can get their info via:
23 error     npm owner ls mabelm
23 error There is likely additional logging output above.
24 verbose exit [ 1, true ]
